<?xml version="1.0" encoding="UTF-8"?>
<testng-results ignored="0" total="1" passed="1" failed="0" skipped="0">
  <reporter-output>
  </reporter-output>
  <suite started-at="2021-07-30T19:58:46 IST" name="Default suite" finished-at="2021-07-30T19:59:00 IST" duration-ms="14440">
    <groups>
    </groups>
    <test started-at="2021-07-30T19:58:46 IST" name="Default test" finished-at="2021-07-30T19:59:00 IST" duration-ms="14440">
      <class name="TestCases.LoginInvalidTC">
        <test-method is-config="true" signature="setUp()[pri:0, instance:TestCases.LoginInvalidTC@28f3b248]" started-at="2021-07-30T19:58:46 IST" name="setUp" finished-at="2021-07-30T19:58:59 IST" duration-ms="12757" status="PASS">
          <reporter-output>
          </reporter-output>
        </test-method> <!-- setUp -->
        <test-method signature="invalidLogin()[pri:0, instance:TestCases.LoginInvalidTC@28f3b248]" started-at="2021-07-30T19:58:59 IST" name="invalidLogin" finished-at="2021-07-30T19:59:00 IST" duration-ms="826" status="PASS">
          <reporter-output>
          </reporter-output>
        </test-method> <!-- invalidLogin -->
        <test-method is-config="true" signature="tearEnd()[pri:0, instance:TestCases.LoginInvalidTC@28f3b248]" started-at="2021-07-30T19:59:00 IST" name="tearEnd" finished-at="2021-07-30T19:59:00 IST" duration-ms="696" status="PASS">
          <reporter-output>
          </reporter-output>
        </test-method> <!-- tearEnd -->
      </class> <!-- TestCases.LoginInvalidTC -->
    </test> <!-- Default test -->
  </suite> <!-- Default suite -->
</testng-results>
